<?xml version="1.0" encoding="UTF-8"?>
<!-- Generated by org.testng.reporters.JUnitReportReporter -->
<testsuite hostname="qa-pebbless-MacBook-Pro.local" failures="0" tests="1" name="Android.Test.HomePage_Test_001" time="22.495" errors="0" timestamp="2024-12-22T18:16:54 IST" skipped="0">
  <testcase classname="Android.Test.HomePage_Test_001" name="formPage" time="22.495"/>
</testsuite> <!-- Android.Test.HomePage_Test_001 -->
