<?xml version="1.0" encoding="UTF-8"?>
<!-- Generated by org.testng.reporters.JUnitReportReporter -->
<testsuite hostname="qa-pebbless-MacBook-Pro.local" failures="0" tests="1" name="Android.Test.CodeCheck" time="25.572" errors="0" timestamp="2024-12-22T18:04:24 IST" skipped="0">
  <testcase classname="Android.Test.CodeCheck" name="doubtArraylist" time="25.572"/>
</testsuite> <!-- Android.Test.CodeCheck -->
