<?xml version="1.0" encoding="UTF-8"?>
<!-- Generated by org.testng.reporters.JUnitReportReporter -->
<testsuite hostname="qa-pebbless-MacBook-Pro.local" failures="0" tests="1" name="Android.Test.BasicTest" time="10.172" errors="0" timestamp="2024-12-16T19:39:18 IST" skipped="0">
  <testcase classname="Android.Test.BasicTest" name="formPage" time="10.172"/>
</testsuite> <!-- Android.Test.BasicTest -->
